2024-12-25 12:19:45,015 - encryption_system - INFO - Encryption keys initialized successfully - Reference: MASTER_CRITICAL_PATH.md
2024-12-25 12:19:45,019 - encryption_system - INFO - Data encrypted successfully - Level: critical - Reference: MASTER_CRITICAL_PATH.md
2024-12-25 12:19:45,019 - encryption_system - INFO - Data decrypted successfully - Level: critical - Reference: MASTER_CRITICAL_PATH.md
2024-12-25 12:19:45,077 - encryption_system - INFO - Encryption keys initialized successfully - Reference: MASTER_CRITICAL_PATH.md
2024-12-25 12:19:45,077 - encryption_system - INFO - Encryption keys initialized successfully - Reference: MASTER_CRITICAL_PATH.md
2024-12-25 12:19:45,079 - encryption_system - INFO - Data encrypted successfully - Level: critical - Reference: MASTER_CRITICAL_PATH.md
2024-12-25 12:19:45,079 - encryption_system - INFO - Data encrypted successfully - Level: critical - Reference: MASTER_CRITICAL_PATH.md
2024-12-25 12:19:45,079 - encryption_system - INFO - Data decrypted successfully - Level: critical - Reference: MASTER_CRITICAL_PATH.md
2024-12-25 12:19:45,079 - encryption_system - INFO - Data decrypted successfully - Level: critical - Reference: MASTER_CRITICAL_PATH.md
2024-12-25 12:19:45,080 - encryption_system - INFO - Data encrypted successfully - Level: standard - Reference: MASTER_CRITICAL_PATH.md
2024-12-25 12:19:45,080 - encryption_system - INFO - Data encrypted successfully - Level: standard - Reference: MASTER_CRITICAL_PATH.md
2024-12-25 12:19:45,080 - encryption_system - INFO - Data decrypted successfully - Level: standard - Reference: MASTER_CRITICAL_PATH.md
2024-12-25 12:19:45,080 - encryption_system - INFO - Data decrypted successfully - Level: standard - Reference: MASTER_CRITICAL_PATH.md
2024-12-25 12:19:45,080 - encryption_system - INFO - Data encrypted successfully - Level: minimal - Reference: MASTER_CRITICAL_PATH.md
2024-12-25 12:19:45,080 - encryption_system - INFO - Data encrypted successfully - Level: minimal - Reference: MASTER_CRITICAL_PATH.md
2024-12-25 12:19:45,081 - encryption_system - INFO - Data decrypted successfully - Level: minimal - Reference: MASTER_CRITICAL_PATH.md
2024-12-25 12:19:45,081 - encryption_system - INFO - Data decrypted successfully - Level: minimal - Reference: MASTER_CRITICAL_PATH.md
2024-12-25 12:19:45,140 - encryption_system - INFO - Encryption keys initialized successfully - Reference: MASTER_CRITICAL_PATH.md
2024-12-25 12:19:45,140 - encryption_system - INFO - Encryption keys initialized successfully - Reference: MASTER_CRITICAL_PATH.md
2024-12-25 12:19:45,140 - encryption_system - INFO - Encryption keys initialized successfully - Reference: MASTER_CRITICAL_PATH.md
